TN:
SF:src\config\auth.ts
FNF:0
FNH:0
DA:1,1
DA:2,1
DA:3,1
DA:4,1
DA:5,1
DA:6,1
DA:7,1
DA:8,1
LF:8
LH:8
BRF:0
BRH:0
end_of_record
TN:
SF:src\modules\statements\entities\Statement.ts
FN:44,Statement
FN:25,Object.<anonymous>.typeorm_1.JoinColumn.name
FNF:2
FNH:1
FNDA:8,Statement
FNDA:0,Object.<anonymous>.typeorm_1.JoinColumn.name
DA:1,1
DA:2,1
DA:3,1
DA:4,1
DA:5,1
DA:6,1
DA:7,1
DA:8,1
DA:9,1
DA:10,1
DA:11,1
DA:12,6
DA:13,6
DA:14,6
DA:15,6
DA:16,1
DA:17,1
DA:18,6
DA:19,6
DA:20,6
DA:21,6
DA:22,6
DA:23,6
DA:24,6
DA:25,6
DA:26,6
DA:27,6
DA:28,6
DA:29,6
DA:30,6
DA:31,6
DA:32,6
DA:33,6
DA:34,6
DA:35,6
DA:36,6
DA:37,6
DA:38,6
DA:39,6
DA:40,6
DA:41,6
DA:42,6
DA:43,6
DA:44,6
DA:45,8
DA:46,8
DA:47,8
DA:48,8
DA:49,6
LF:49
LH:49
BRDA:12,0,0,6
BRDA:18,1,0,6
BRDA:44,2,0,8
BRF:3
BRH:3
end_of_record
TN:
SF:src\modules\statements\repositories\in-memory\InMemoryStatementsRepository.ts
FN:7,InMemoryStatementsRepository
FN:10,Object.<anonymous>.InMemoryStatementsRepository.create
FN:20,Object.<anonymous>.InMemoryStatementsRepository.findStatementOperation
FN:27,Object.<anonymous>.InMemoryStatementsRepository.getUserBalance
FNF:4
FNH:4
FNDA:9,InMemoryStatementsRepository
FNDA:8,Object.<anonymous>.InMemoryStatementsRepository.create
FNDA:2,Object.<anonymous>.InMemoryStatementsRepository.findStatementOperation
FNDA:4,Object.<anonymous>.InMemoryStatementsRepository.getUserBalance
DA:1,1
DA:2,1
DA:3,1
DA:4,1
DA:5,1
DA:6,1
DA:7,9
DA:8,9
DA:9,9
DA:10,9
DA:11,8
DA:12,8
DA:13,8
DA:14,8
DA:15,8
DA:16,8
DA:17,8
DA:18,8
DA:19,9
DA:20,9
DA:21,2
DA:22,2
DA:23,2
DA:24,2
DA:25,2
DA:26,9
DA:27,9
DA:28,4
DA:29,4
DA:30,4
DA:31,4
DA:32,4
DA:33,4
DA:34,4
DA:35,6
DA:36,5
DA:37,6
DA:38,1
DA:39,1
DA:40,4
DA:41,4
DA:42,4
DA:43,1
DA:44,1
DA:45,1
DA:46,1
DA:47,1
DA:48,4
DA:49,4
DA:50,4
DA:51,9
LF:51
LH:51
BRDA:7,0,0,3
BRDA:7,1,0,9
BRDA:10,2,0,8
BRDA:20,3,0,2
BRDA:21,4,0,1
BRDA:27,5,0,4
BRDA:27,6,0,3
BRDA:27,7,0,1
BRDA:42,8,0,1
BRDA:32,9,0,6
BRDA:34,10,0,6
BRDA:35,11,0,5
BRDA:37,12,0,1
BRF:13
BRH:13
end_of_record
TN:
SF:src\modules\statements\useCases\createStatement\CreateStatementError.ts
FN:5,UserNotFound
FN:11,InsufficientFunds
FNF:2
FNH:2
FNDA:1,UserNotFound
FNDA:1,InsufficientFunds
DA:1,1
DA:2,1
DA:3,3
DA:4,3
DA:5,3
DA:6,1
DA:7,1
DA:8,3
DA:9,3
DA:10,3
DA:11,3
DA:12,1
DA:13,1
DA:14,3
DA:15,3
LF:15
LH:15
BRDA:3,0,0,3
BRDA:4,1,0,3
BRDA:5,2,0,1
BRDA:10,3,0,3
BRDA:11,4,0,1
BRF:5
BRH:5
end_of_record
TN:
SF:src\modules\statements\useCases\createStatement\CreateStatementUseCase.ts
FN:10,CreateStatementUseCase
FN:18,Object.<anonymous>.CreateStatementUseCase.execute
FNF:2
FNH:2
FNDA:9,CreateStatementUseCase
FNDA:10,Object.<anonymous>.CreateStatementUseCase.execute
DA:1,1
DA:2,1
DA:3,1
DA:4,1
DA:5,1
DA:6,1
DA:7,1
DA:8,1
DA:9,3
DA:10,3
DA:11,9
DA:12,9
DA:13,9
DA:14,9
DA:15,9
DA:16,9
DA:17,3
DA:18,3
DA:19,10
DA:20,10
DA:21,10
DA:22,1
DA:23,1
DA:24,9
DA:25,9
DA:26,3
DA:27,10
DA:28,10
DA:29,1
DA:30,1
DA:31,10
DA:32,10
DA:33,10
DA:34,8
DA:35,8
DA:36,8
DA:37,8
DA:38,8
DA:39,10
DA:40,10
DA:41,10
DA:42,3
LF:42
LH:42
BRDA:9,0,0,3
BRDA:10,1,0,9
BRDA:18,2,0,10
BRDA:19,3,0,10
BRDA:21,4,0,1
BRDA:24,5,0,9
BRDA:25,6,0,6
BRDA:25,7,0,3
BRDA:28,8,0,1
BRDA:33,9,0,8
BRF:10
BRH:10
end_of_record
TN:
SF:src\modules\statements\useCases\getBalance\GetBalanceError.ts
FN:4,GetBalanceError
FNF:1
FNH:1
FNDA:1,GetBalanceError
DA:1,1
DA:2,1
DA:3,1
DA:4,1
DA:5,1
DA:6,1
DA:7,1
LF:7
LH:7
BRDA:3,0,0,1
BRDA:4,1,0,1
BRF:2
BRH:2
end_of_record
TN:
SF:src\modules\statements\useCases\getBalance\GetBalanceUseCase.ts
FN:19,GetBalanceUseCase
FN:27,Object.<anonymous>.GetBalanceUseCase.execute
FNF:2
FNH:2
FNDA:2,GetBalanceUseCase
FNDA:2,Object.<anonymous>.GetBalanceUseCase.execute
DA:1,1
DA:2,1
DA:3,1
DA:4,1
DA:5,1
DA:6,1
DA:7,1
DA:8,1
DA:9,1
DA:10,1
DA:11,1
DA:12,1
DA:13,1
DA:14,1
DA:15,1
DA:16,1
DA:17,1
DA:18,1
DA:19,1
DA:20,2
DA:21,2
DA:22,2
DA:23,2
DA:24,2
DA:25,2
DA:26,1
DA:27,1
DA:28,2
DA:29,2
DA:30,2
DA:31,1
DA:32,1
DA:33,1
DA:34,1
DA:35,1
DA:36,1
DA:37,1
DA:38,2
DA:39,2
DA:40,2
DA:41,1
LF:41
LH:41
BRDA:18,0,0,1
BRDA:19,1,0,2
BRDA:27,2,0,2
BRDA:28,3,0,2
BRDA:30,4,0,1
BRF:5
BRH:5
end_of_record
TN:
SF:src\modules\statements\useCases\getStatementOperation\GetStatementOperationError.ts
FN:5,UserNotFound
FN:11,StatementNotFound
FNF:2
FNH:2
FNDA:1,UserNotFound
FNDA:1,StatementNotFound
DA:1,1
DA:2,1
DA:3,1
DA:4,1
DA:5,1
DA:6,1
DA:7,1
DA:8,1
DA:9,1
DA:10,1
DA:11,1
DA:12,1
DA:13,1
DA:14,1
DA:15,1
LF:15
LH:15
BRDA:3,0,0,1
BRDA:4,1,0,1
BRDA:5,2,0,1
BRDA:10,3,0,1
BRDA:11,4,0,1
BRF:5
BRH:5
end_of_record
TN:
SF:src\modules\statements\useCases\getStatementOperation\GetStatementOperationUseCase.ts
FN:14,GetStatementOperationUseCase
FN:22,Object.<anonymous>.GetStatementOperationUseCase.execute
FNF:2
FNH:2
FNDA:3,GetStatementOperationUseCase
FNDA:3,Object.<anonymous>.GetStatementOperationUseCase.execute
DA:1,1
DA:2,1
DA:3,1
DA:4,1
DA:5,1
DA:6,1
DA:7,1
DA:8,1
DA:9,1
DA:10,1
DA:11,1
DA:12,1
DA:13,1
DA:14,1
DA:15,3
DA:16,3
DA:17,3
DA:18,3
DA:19,3
DA:20,3
DA:21,1
DA:22,1
DA:23,3
DA:24,3
DA:25,3
DA:26,1
DA:27,1
DA:28,2
DA:29,2
DA:30,2
DA:31,3
DA:32,3
DA:33,1
DA:34,1
DA:35,1
DA:36,1
DA:37,3
DA:38,1
LF:38
LH:38
BRDA:13,0,0,1
BRDA:14,1,0,3
BRDA:22,2,0,3
BRDA:23,3,0,3
BRDA:25,4,0,1
BRDA:28,5,0,2
BRDA:32,6,0,1
BRF:7
BRH:7
end_of_record
TN:
SF:src\modules\users\entities\User.ts
FN:35,User
FNF:1
FNH:1
FNDA:11,User
DA:1,1
DA:2,1
DA:3,1
DA:4,1
DA:5,1
DA:6,1
DA:7,1
DA:8,1
DA:9,1
DA:10,1
DA:11,1
DA:12,1
DA:13,6
DA:14,6
DA:15,6
DA:16,6
DA:17,6
DA:18,6
DA:19,6
DA:20,6
DA:21,6
DA:22,6
DA:23,6
DA:24,6
DA:25,6
DA:26,6
DA:27,6
DA:28,6
DA:29,6
DA:30,6
DA:31,6
DA:32,6
DA:33,6
DA:34,6
DA:35,6
DA:36,11
DA:37,11
DA:38,11
DA:39,11
DA:40,6
LF:40
LH:40
BRDA:13,0,0,6
BRDA:35,1,0,11
BRF:2
BRH:2
end_of_record
TN:
SF:src\modules\users\repositories\in-memory\InMemoryUsersRepository.ts
FN:6,InMemoryUsersRepository
FN:9,Object.<anonymous>.InMemoryUsersRepository.findByEmail
FN:13,Object.<anonymous>.InMemoryUsersRepository.findById
FN:17,Object.<anonymous>.InMemoryUsersRepository.create
FNF:4
FNH:4
FNDA:16,InMemoryUsersRepository
FNDA:8,Object.<anonymous>.InMemoryUsersRepository.findByEmail
FNDA:17,Object.<anonymous>.InMemoryUsersRepository.findById
FNDA:11,Object.<anonymous>.InMemoryUsersRepository.create
DA:1,1
DA:2,1
DA:3,1
DA:4,1
DA:5,1
DA:6,16
DA:7,16
DA:8,16
DA:9,16
DA:10,8
DA:11,8
DA:12,16
DA:13,16
DA:14,17
DA:15,17
DA:16,16
DA:17,16
DA:18,11
DA:19,11
DA:20,11
DA:21,11
DA:22,11
DA:23,16
LF:23
LH:23
BRDA:6,0,0,6
BRDA:6,1,0,16
BRDA:9,2,0,8
BRDA:10,3,0,3
BRDA:13,4,0,17
BRDA:14,5,0,13
BRDA:17,6,0,11
BRF:7
BRH:7
end_of_record
TN:
SF:src\modules\users\useCases\authenticateUser\AuthenticateUserUseCase.ts
FN:18,AuthenticateUserUseCase
FN:23,Object.<anonymous>.AuthenticateUserUseCase.execute
FNF:2
FNH:2
FNDA:3,AuthenticateUserUseCase
FNDA:3,Object.<anonymous>.AuthenticateUserUseCase.execute
DA:1,1
DA:2,1
DA:3,1
DA:4,1
DA:5,1
DA:6,1
DA:7,1
DA:8,1
DA:9,1
DA:10,1
DA:11,1
DA:12,1
DA:13,1
DA:14,1
DA:15,1
DA:16,1
DA:17,1
DA:18,1
DA:19,3
DA:20,3
DA:21,3
DA:22,1
DA:23,1
DA:24,3
DA:25,3
DA:26,3
DA:27,1
DA:28,1
DA:29,2
DA:30,2
DA:31,3
DA:32,3
DA:33,1
DA:34,1
DA:35,1
DA:36,1
DA:37,1
DA:38,1
DA:39,1
DA:40,1
DA:41,1
DA:42,1
DA:43,1
DA:44,1
DA:45,1
DA:46,1
DA:47,1
DA:48,1
DA:49,1
DA:50,1
DA:51,3
DA:52,1
LF:52
LH:52
BRDA:17,0,0,1
BRDA:18,1,0,3
BRDA:23,2,0,3
BRDA:24,3,0,3
BRDA:26,4,0,1
BRDA:29,5,0,2
BRDA:32,6,0,1
BRF:7
BRH:7
end_of_record
TN:
SF:src\modules\users\useCases\authenticateUser\IncorrectEmailOrPasswordError.ts
FN:4,IncorrectEmailOrPasswordError
FNF:1
FNH:1
FNDA:2,IncorrectEmailOrPasswordError
DA:1,1
DA:2,1
DA:3,1
DA:4,1
DA:5,2
DA:6,2
DA:7,1
LF:7
LH:7
BRDA:3,0,0,1
BRDA:4,1,0,2
BRF:2
BRH:2
end_of_record
TN:
SF:src\modules\users\useCases\createUser\CreateUserError.ts
FN:4,CreateUserError
FNF:1
FNH:1
FNDA:1,CreateUserError
DA:1,1
DA:2,1
DA:3,2
DA:4,2
DA:5,1
DA:6,1
DA:7,2
LF:7
LH:7
BRDA:3,0,0,2
BRDA:4,1,0,1
BRF:2
BRH:2
end_of_record
TN:
SF:src\modules\users\useCases\createUser\CreateUserUseCase.ts
FN:11,CreateUserUseCase
FN:16,Object.<anonymous>.CreateUserUseCase.execute
FNF:2
FNH:2
FNDA:5,CreateUserUseCase
FNDA:5,Object.<anonymous>.CreateUserUseCase.execute
DA:1,1
DA:2,1
DA:3,1
DA:4,1
DA:5,1
DA:6,1
DA:7,1
DA:8,1
DA:9,1
DA:10,2
DA:11,2
DA:12,5
DA:13,5
DA:14,5
DA:15,2
DA:16,2
DA:17,5
DA:18,5
DA:19,5
DA:20,1
DA:21,1
DA:22,4
DA:23,4
DA:24,5
DA:25,5
DA:26,5
DA:27,5
DA:28,5
DA:29,5
DA:30,5
DA:31,5
DA:32,5
DA:33,2
LF:33
LH:33
BRDA:10,0,0,2
BRDA:11,1,0,5
BRDA:16,2,0,5
BRDA:17,3,0,5
BRDA:19,4,0,1
BRDA:22,5,0,4
BRF:6
BRH:6
end_of_record
TN:
SF:src\modules\users\useCases\showUserProfile\ShowUserProfileError.ts
FN:4,ShowUserProfileError
FNF:1
FNH:1
FNDA:1,ShowUserProfileError
DA:1,1
DA:2,1
DA:3,1
DA:4,1
DA:5,1
DA:6,1
DA:7,1
LF:7
LH:7
BRDA:3,0,0,1
BRDA:4,1,0,1
BRF:2
BRH:2
end_of_record
TN:
SF:src\modules\users\useCases\showUserProfile\ShowUserProfileUseCase.ts
FN:8,ShowUserProfileUseCase
FN:13,Object.<anonymous>.ShowUserProfileUseCase.execute
FNF:2
FNH:2
FNDA:2,ShowUserProfileUseCase
FNDA:2,Object.<anonymous>.ShowUserProfileUseCase.execute
DA:1,1
DA:2,1
DA:3,1
DA:4,1
DA:5,1
DA:6,1
DA:7,1
DA:8,1
DA:9,2
DA:10,2
DA:11,2
DA:12,1
DA:13,1
DA:14,2
DA:15,2
DA:16,2
DA:17,1
DA:18,1
DA:19,1
DA:20,1
DA:21,2
DA:22,1
LF:22
LH:22
BRDA:7,0,0,1
BRDA:8,1,0,2
BRDA:13,2,0,2
BRDA:14,3,0,2
BRDA:16,4,0,1
BRF:5
BRH:5
end_of_record
TN:
SF:src\shared\errors\AppError.ts
FN:6,AppError
FNF:1
FNH:1
FNDA:9,AppError
DA:1,6
DA:2,6
DA:3,6
DA:4,6
DA:5,6
DA:6,6
DA:7,9
DA:8,9
DA:9,9
DA:10,6
LF:10
LH:10
BRDA:1,0,0,6
BRDA:6,1,0,9
BRDA:6,2,0,1
BRF:3
BRH:3
end_of_record
